02-11-2021 23:58:48 [main] INFO  io.olen4ixxx.bank.builder.DomBankBuilder - buildAccount([deposit: null])
02-11-2021 23:58:48 [main] INFO  io.olen4ixxx.bank.builder.DomBankBuilder - buildAccount([deposit: null])
02-11-2021 23:58:48 [main] INFO  io.olen4ixxx.bank.builder.DomBankBuilder - buildAccount([deposit: null])
02-11-2021 23:58:48 [main] INFO  io.olen4ixxx.bank.builder.BankBuilderFactory - AbstractBankBuilder : createStudentBuilder(DOM)
02-11-2021 23:58:48 [main] INFO  io.olen4ixxx.bank.builder.DomBankBuilder - DomBankBuilder: buildSetAccounts(xmlFilePath:depositTest.xml)
02-11-2021 23:58:48 [main] INFO  io.olen4ixxx.bank.builder.DomBankBuilder - buildAccount([checking-account: null])
02-11-2021 23:58:48 [main] INFO  io.olen4ixxx.bank.builder.DomBankBuilder - buildAccount([checking-account: null])
02-11-2021 23:58:48 [main] INFO  io.olen4ixxx.bank.builder.DomBankBuilder - buildAccount([checking-account: null])
02-11-2021 23:58:48 [main] INFO  io.olen4ixxx.bank.builder.DomBankBuilder - buildAccount([checking-account: null])
02-11-2021 23:58:48 [main] INFO  io.olen4ixxx.bank.builder.DomBankBuilder - buildAccount([checking-account: null])
02-11-2021 23:58:48 [main] INFO  io.olen4ixxx.bank.builder.DomBankBuilder - buildAccount([checking-account: null])
02-11-2021 23:58:48 [main] INFO  io.olen4ixxx.bank.builder.DomBankBuilder - buildAccount([checking-account: null])
02-11-2021 23:58:48 [main] INFO  io.olen4ixxx.bank.builder.DomBankBuilder - buildAccount([checking-account: null])
02-11-2021 23:58:48 [main] INFO  io.olen4ixxx.bank.builder.DomBankBuilder - buildAccount([deposit: null])
02-11-2021 23:58:48 [main] INFO  io.olen4ixxx.bank.builder.DomBankBuilder - buildAccount([deposit: null])
02-11-2021 23:58:48 [main] INFO  io.olen4ixxx.bank.builder.DomBankBuilder - buildAccount([deposit: null])
02-11-2021 23:58:48 [main] INFO  io.olen4ixxx.bank.builder.DomBankBuilder - buildAccount([deposit: null])
02-11-2021 23:58:48 [main] INFO  io.olen4ixxx.bank.builder.DomBankBuilder - buildAccount([deposit: null])
02-11-2021 23:58:48 [main] INFO  io.olen4ixxx.bank.builder.DomBankBuilder - buildAccount([deposit: null])
02-11-2021 23:58:48 [main] INFO  io.olen4ixxx.bank.builder.DomBankBuilder - buildAccount([deposit: null])
02-11-2021 23:58:48 [main] INFO  io.olen4ixxx.bank.builder.DomBankBuilder - buildAccount([deposit: null])
03-11-2021 00:05:27 [main] INFO  io.olen4ixxx.bank.builder.BankBuilderFactory - AbstractBankBuilder : createStudentBuilder(WRONG_NAME)
03-11-2021 00:08:25 [main] ERROR io.olen4ixxx.bank.validator.BankSchemaValidator - File is not found (deposit.xsd)
03-11-2021 00:19:17 [main] ERROR io.olen4ixxx.bank.validator.BankSchemaValidator - File is not found (wrongName.xsd)
03-11-2021 00:23:20 [main] ERROR io.olen4ixxx.bank.validator.BankSchemaValidator - File is not found (wrongName.xsd)
03-11-2021 00:23:21 [TestNG-method=testValidateXmlFileIsNotValid-1] ERROR io.olen4ixxx.bank.validator.BankXmlErrorHandler - 6 : 9-Element type "checking-account" must be followed by either attribute specifications, ">" or "/>".
03-11-2021 00:23:21 [TestNG-method=testValidateXmlFileIsNotValid-1] ERROR io.olen4ixxx.bank.validator.BankSchemaValidator - File is not valid
org.xml.sax.SAXParseException: Element type "checking-account" must be followed by either attribute specifications, ">" or "/>".
	at com.sun.org.apache.xerces.internal.util.ErrorHandlerWrapper.createSAXParseException(ErrorHandlerWrapper.java:204) ~[?:?]
	at com.sun.org.apache.xerces.internal.util.ErrorHandlerWrapper.fatalError(ErrorHandlerWrapper.java:178) ~[?:?]
	at com.sun.org.apache.xerces.internal.impl.XMLErrorReporter.reportError(XMLErrorReporter.java:400) ~[?:?]
	at com.sun.org.apache.xerces.internal.impl.XMLErrorReporter.reportError(XMLErrorReporter.java:327) ~[?:?]
	at com.sun.org.apache.xerces.internal.impl.XMLScanner.reportFatalError(XMLScanner.java:1471) ~[?:?]
	at com.sun.org.apache.xerces.internal.impl.XMLDocumentFragmentScannerImpl.seekCloseOfStartTag(XMLDocumentFragmentScannerImpl.java:1443) ~[?:?]
	at com.sun.org.apache.xerces.internal.impl.XMLNSDocumentScannerImpl.scanStartElement(XMLNSDocumentScannerImpl.java:259) ~[?:?]
	at com.sun.org.apache.xerces.internal.impl.XMLDocumentFragmentScannerImpl$FragmentContentDriver.next(XMLDocumentFragmentScannerImpl.java:2726) ~[?:?]
	at com.sun.org.apache.xerces.internal.impl.XMLDocumentScannerImpl.next(XMLDocumentScannerImpl.java:605) ~[?:?]
	at com.sun.org.apache.xerces.internal.impl.XMLNSDocumentScannerImpl.next(XMLNSDocumentScannerImpl.java:112) ~[?:?]
	at com.sun.org.apache.xerces.internal.impl.XMLDocumentFragmentScannerImpl.scanDocument(XMLDocumentFragmentScannerImpl.java:542) ~[?:?]
	at com.sun.org.apache.xerces.internal.parsers.XML11Configuration.parse(XML11Configuration.java:889) ~[?:?]
	at com.sun.org.apache.xerces.internal.parsers.XML11Configuration.parse(XML11Configuration.java:825) ~[?:?]
	at com.sun.org.apache.xerces.internal.jaxp.validation.StreamValidatorHelper.validate(StreamValidatorHelper.java:178) ~[?:?]
	at com.sun.org.apache.xerces.internal.jaxp.validation.ValidatorImpl.validate(ValidatorImpl.java:115) ~[?:?]
	at javax.xml.validation.Validator.validate(Validator.java:124) ~[?:?]
	at io.olen4ixxx.bank.validator.BankSchemaValidator.validateXml(BankSchemaValidator.java:36) [classes/:?]
	at io.olen4ixxx.bank.validator.BankSchemaValidatorTest.testValidateXmlFileIsNotValid(BankSchemaValidatorTest.java:26) [test-classes/:?]
	at jdk.internal.reflect.NativeMethodAccessorImpl.invoke0(Native Method) ~[?:?]
	at jdk.internal.reflect.NativeMethodAccessorImpl.invoke(NativeMethodAccessorImpl.java:77) ~[?:?]
	at jdk.internal.reflect.DelegatingMethodAccessorImpl.invoke(DelegatingMethodAccessorImpl.java:43) ~[?:?]
	at java.lang.reflect.Method.invoke(Method.java:568) ~[?:?]
	at org.testng.internal.MethodInvocationHelper.invokeMethod(MethodInvocationHelper.java:133) [testng-7.4.0.jar:7.4.0]
	at org.testng.internal.InvokeMethodRunnable.runOne(InvokeMethodRunnable.java:45) [testng-7.4.0.jar:7.4.0]
	at org.testng.internal.InvokeMethodRunnable.call(InvokeMethodRunnable.java:73) [testng-7.4.0.jar:7.4.0]
	at org.testng.internal.InvokeMethodRunnable.call(InvokeMethodRunnable.java:11) [testng-7.4.0.jar:7.4.0]
	at java.util.concurrent.FutureTask.run(FutureTask.java:264) [?:?]
	at java.util.concurrent.ThreadPoolExecutor.runWorker(ThreadPoolExecutor.java:1136) [?:?]
	at java.util.concurrent.ThreadPoolExecutor$Worker.run(ThreadPoolExecutor.java:635) [?:?]
	at java.lang.Thread.run(Thread.java:833) [?:?]
